<?xml version="1.0" encoding="UTF-8"?>
<!-- Generated by org.testng.reporters.JUnitReportReporter -->
<testsuite hostname="Priyanka" name="edureka.selenium_test.AmazonTest" tests="1" failures="0" timestamp="21 Mar 2017 06:50:24 GMT" time="10.095" errors="0">
  <testcase name="test" time="10.095" classname="edureka.selenium_test.AmazonTest"/>
</testsuite> <!-- edureka.selenium_test.AmazonTest -->
