<?xml version="1.0" encoding="UTF-8"?>
<!-- Generated by org.testng.reporters.JUnitReportReporter -->
<testsuite hostname="Priyanka" name="edureka.selenium_test.DataTestApp" tests="4" failures="0" timestamp="21 Mar 2017 07:41:19 GMT" time="40.324" errors="0">
  <testcase name="testWithExcelData" time="9.768" classname="edureka.selenium_test.DataTestApp"/>
  <testcase name="testWithExcelData" time="12.203" classname="edureka.selenium_test.DataTestApp"/>
  <testcase name="testWithExcelData" time="10.858" classname="edureka.selenium_test.DataTestApp"/>
  <testcase name="testWithExcelData" time="7.495" classname="edureka.selenium_test.DataTestApp"/>
</testsuite> <!-- edureka.selenium_test.DataTestApp -->
