<?xml version="1.0" encoding="UTF-8"?>
<!-- Generated by org.testng.reporters.JUnitReportReporter -->
<testsuite hostname="Priyanka" name="test.selenium.TestFaceBook" tests="3" failures="0" timestamp="21 Mar 2017 01:56:29 GMT" time="139.499" errors="0">
  <testcase name="testWithBrowser" time="108.555" classname="test.selenium.TestFaceBook"/>
  <testcase name="testWithBrowser" time="17.331" classname="test.selenium.TestFaceBook"/>
  <testcase name="testWithBrowser" time="13.613" classname="test.selenium.TestFaceBook"/>
</testsuite> <!-- test.selenium.TestFaceBook -->
