<?xml version="1.0" encoding="UTF-8"?>
<!-- Generated by org.testng.reporters.JUnitReportReporter -->
<testsuite hostname="Priyanka" name="test.selenium.TestNGPractice" tests="3" failures="0" timestamp="21 Mar 2017 01:03:22 GMT" time="9.747" errors="0">
  <testcase name="Login" time="3.179" classname="test.selenium.TestNGPractice"/>
  <testcase name="Login" time="3.208" classname="test.selenium.TestNGPractice"/>
  <testcase name="Login" time="3.360" classname="test.selenium.TestNGPractice"/>
</testsuite> <!-- test.selenium.TestNGPractice -->
