<?xml version="1.0" encoding="UTF-8"?>
<!-- Generated by org.testng.reporters.JUnitReportReporter -->
<testsuite hostname="Priyanka" name="edureka.DataDriven.ExcelDataDriven" tests="4" failures="0" timestamp="24 Mar 2017 00:58:08 GMT" time="13.660" errors="0">
  <testcase name="testConfigs" time="0.735" classname="edureka.DataDriven.ExcelDataDriven"/>
  <testcase name="testWithWrongExcelData" time="3.171" classname="edureka.DataDriven.ExcelDataDriven"/>
  <testcase name="testWithWrongExcelData" time="9.738" classname="edureka.DataDriven.ExcelDataDriven"/>
  <testcase name="test2" time="0.016" classname="edureka.DataDriven.ExcelDataDriven"/>
</testsuite> <!-- edureka.DataDriven.ExcelDataDriven -->
