<?xml version="1.0" encoding="UTF-8"?>
<!-- Generated by org.testng.reporters.JUnitReportReporter -->
<testsuite hostname="Priyanka" name="FacebookPageObjectModel.LoginPage" tests="1" failures="0" timestamp="30 Mar 2017 07:22:22 GMT" time="12.407" errors="0">
  <testcase name="getLoginPage" time="12.407" classname="FacebookPageObjectModel.LoginPage"/>
</testsuite> <!-- FacebookPageObjectModel.LoginPage -->
