<?xml version="1.0" encoding="UTF-8"?>
<!-- Generated by org.testng.reporters.JUnitReportReporter -->
<testsuite hostname="Priyanka" name="vinod.test.YamlTestNg" tests="2" failures="0" timestamp="27 Mar 2017 20:12:23 GMT" time="0.016" errors="0">
  <testcase name="test" time="0.014" classname="vinod.test.YamlTestNg"/>
  <testcase name="test" time="0.002" classname="vinod.test.YamlTestNg"/>
</testsuite> <!-- vinod.test.YamlTestNg -->
