<?xml version="1.0" encoding="UTF-8"?>
<!-- Generated by org.testng.reporters.JUnitReportReporter -->
<testsuite hostname="Priyanka" name="AssignmentPractice.PimcoreTest" tests="1" failures="0" timestamp="1 Apr 2017 09:11:46 GMT" time="4.499" errors="0">
  <testcase name="MenuActions" time="4.499" classname="AssignmentPractice.PimcoreTest"/>
</testsuite> <!-- AssignmentPractice.PimcoreTest -->
