<?xml version="1.0" encoding="UTF-8"?>
<!-- Generated by org.testng.reporters.JUnitReportReporter -->
<testsuite hostname="Priyanka" name="com.edureka.certification.test.LostPasswordTest" tests="1" failures="0" timestamp="6 Apr 2017 06:48:21 GMT" time="25.506" errors="0">
  <testcase name="getLostPassword" time="25.506" classname="com.edureka.certification.test.LostPasswordTest"/>
</testsuite> <!-- com.edureka.certification.test.LostPasswordTest -->
